<?xml version="1.0" encoding="UTF-8"?>
<testsuite name="Choucair Academy" tests="1" skipped="0" failures="0" errors="0" timestamp="2022-01-31T18:35:26" hostname="DESKTOP-OSH9F67" time="27.47">
  <properties/>
  <testcase name="Search for automation course" classname="Choucair Academy" time="27.47"/>
  <system-out><![CDATA[]]></system-out>
  <system-err><![CDATA[[Test worker] WARN net.thucydides.core.steps.BaseStepListener - stepStarted: net.thucydides.core.steps.ExecutedStepDescription@495a1468
[Test worker] WARN net.thucydides.core.steps.BaseStepListener - stepStarted: net.thucydides.core.steps.ExecutedStepDescription@d431231
[Test worker] WARN net.thucydides.core.steps.BaseStepListener - stepStarted: net.thucydides.core.steps.ExecutedStepDescription@92df5e3
ene 31, 2022 1:35:28 PM org.openqa.selenium.remote.DesiredCapabilities chrome
INFORMACIÓN: Using `new ChromeOptions()` is preferred to `DesiredCapabilities.chrome()`
[Test worker] INFO net.serenitybdd.core.webdriver.driverproviders.ProvideNewDriver - Instantiating driver
[Test worker] INFO net.serenitybdd.core.webdriver.driverproviders.ProvideNewDriver - Driver capabilities: Capabilities {acceptInsecureCerts: false, browserName: chrome, chrome.switches: --start-maximized, goog:chromeOptions: {args: [--start-maximized], extensions: []}, loggingPrefs: org.openqa.selenium.logging..., platform: ANY, version: }
Starting ChromeDriver 96.0.4664.45 (76e4c1bb2ab4671b8beba3444e61c0f17584b2fc-refs/branch-heads/4664@{#947}) on port 8659
Only local connections are allowed.
Please see https://chromedriver.chromium.org/security-considerations for suggestions on keeping ChromeDriver safe.
ChromeDriver was started successfully.
[1643654132.266][WARNING]: This version of ChromeDriver has not been tested with Chrome version 97.
ene 31, 2022 1:35:32 PM org.openqa.selenium.remote.ProtocolHandshake createSession
INFORMACIÓN: Detected dialect: W3C
[Test worker] WARN net.thucydides.core.steps.BaseStepListener - stepFinished: current outcome:Search for automation course:Given than BUGH wants to learn automation at the Choucair Academy
| strUserName | strPassword |
| bumanag | Choucair2022* | [Bugh open up [Bugh opens the Choucair academy page]]
[Test worker] WARN net.thucydides.core.steps.BaseStepListener - stepFinished: current outcome:Search for automation course:Given than BUGH wants to learn automation at the Choucair Academy
| strUserName | strPassword |
| bumanag | Choucair2022* | [Bugh open up [Bugh opens the Choucair academy page]]
[Test worker] WARN net.thucydides.core.steps.BaseStepListener - stepStarted: net.thucydides.core.steps.ExecutedStepDescription@7b7f25d9
[Test worker] WARN net.thucydides.core.steps.BaseStepListener - stepStarted: net.thucydides.core.steps.ExecutedStepDescription@258a4e81
[Test worker] WARN net.thucydides.core.steps.BaseStepListener - stepFinished: current outcome:Search for automation course:Given than BUGH wants to learn automation at the Choucair Academy
| strUserName | strPassword |
| bumanag | Choucair2022* | [Bugh open up [Bugh opens the Choucair academy page], Bugh login [Bugh clicks on button that shows us the form to login]]
[Test worker] WARN net.thucydides.core.steps.BaseStepListener - stepStarted: net.thucydides.core.steps.ExecutedStepDescription@772715e2
[Test worker] WARN net.thucydides.core.steps.BaseStepListener - stepFinished: current outcome:Search for automation course:Given than BUGH wants to learn automation at the Choucair Academy
| strUserName | strPassword |
| bumanag | Choucair2022* | [Bugh open up [Bugh opens the Choucair academy page], Bugh login [Bugh clicks on button that shows us the form to login, Bugh enters 'bumanag' into field for the user to enter their username]]
[Test worker] WARN net.thucydides.core.steps.BaseStepListener - stepStarted: net.thucydides.core.steps.ExecutedStepDescription@73f2c692
[Test worker] WARN net.thucydides.core.steps.BaseStepListener - stepFinished: current outcome:Search for automation course:Given than BUGH wants to learn automation at the Choucair Academy
| strUserName | strPassword |
| bumanag | Choucair2022* | [Bugh open up [Bugh opens the Choucair academy page], Bugh login [Bugh clicks on button that shows us the form to login, Bugh enters 'bumanag' into field for the user to enter their username, Bugh enters 'Choucair2022*' into field for the user to enter their password]]
[Test worker] WARN net.thucydides.core.steps.BaseStepListener - stepStarted: net.thucydides.core.steps.ExecutedStepDescription@5fc4a152
[Test worker] WARN net.thucydides.core.steps.BaseStepListener - stepFinished: current outcome:Search for automation course:Given than BUGH wants to learn automation at the Choucair Academy
| strUserName | strPassword |
| bumanag | Choucair2022* | [Bugh open up [Bugh opens the Choucair academy page], Bugh login [Bugh clicks on button that shows us the form to login, Bugh enters 'bumanag' into field for the user to enter their username, Bugh enters 'Choucair2022*' into field for the user to enter their password, Bugh clicks on button that enters the main page]]
[Test worker] WARN net.thucydides.core.steps.BaseStepListener - stepFinished: current outcome:Search for automation course:Given than BUGH wants to learn automation at the Choucair Academy
| strUserName | strPassword |
| bumanag | Choucair2022* | [Bugh open up [Bugh opens the Choucair academy page], Bugh login [Bugh clicks on button that shows us the form to login, Bugh enters 'bumanag' into field for the user to enter their username, Bugh enters 'Choucair2022*' into field for the user to enter their password, Bugh clicks on button that enters the main page]]
[Test worker] WARN net.thucydides.core.steps.BaseStepListener - stepFinished: current outcome:Search for automation course:Given than BUGH wants to learn automation at the Choucair Academy
| strUserName | strPassword |
| bumanag | Choucair2022* | [Bugh open up [Bugh opens the Choucair academy page], Bugh login [Bugh clicks on button that shows us the form to login, Bugh enters 'bumanag' into field for the user to enter their username, Bugh enters 'Choucair2022*' into field for the user to enter their password, Bugh clicks on button that enters the main page]]
[Test worker] WARN net.thucydides.core.steps.BaseStepListener - stepStarted: net.thucydides.core.steps.ExecutedStepDescription@7c42a4b0
[Test worker] WARN net.thucydides.core.steps.BaseStepListener - stepStarted: net.thucydides.core.steps.ExecutedStepDescription@17ee12cf
[Test worker] WARN net.thucydides.core.steps.BaseStepListener - stepStarted: net.thucydides.core.steps.ExecutedStepDescription@6c749816
[Test worker] WARN net.thucydides.core.steps.BaseStepListener - stepFinished: current outcome:Search for automation course:Given than BUGH wants to learn automation at the Choucair Academy
| strUserName | strPassword |
| bumanag | Choucair2022* | [Bugh open up [Bugh opens the Choucair academy page], Bugh login [Bugh clicks on button that shows us the form to login, Bugh enters 'bumanag' into field for the user to enter their username, Bugh enters 'Choucair2022*' into field for the user to enter their password, Bugh clicks on button that enters the main page]], When he searches for the course Patrones de Automatización  on the Choucair Academy [Bugh search [Bugh clicks on button that moves to the courses]]
[Test worker] WARN net.thucydides.core.steps.BaseStepListener - stepStarted: net.thucydides.core.steps.ExecutedStepDescription@43e310c4
[Test worker] WARN net.thucydides.core.steps.BaseStepListener - stepFinished: current outcome:Search for automation course:Given than BUGH wants to learn automation at the Choucair Academy
| strUserName | strPassword |
| bumanag | Choucair2022* | [Bugh open up [Bugh opens the Choucair academy page], Bugh login [Bugh clicks on button that shows us the form to login, Bugh enters 'bumanag' into field for the user to enter their username, Bugh enters 'Choucair2022*' into field for the user to enter their password, Bugh clicks on button that enters the main page]], When he searches for the course Patrones de Automatización  on the Choucair Academy [Bugh search [Bugh clicks on button that moves to the courses, Bugh enters 'Patrones de Automatización ' into field to add the name of the course]]
[Test worker] WARN net.thucydides.core.steps.BaseStepListener - stepStarted: net.thucydides.core.steps.ExecutedStepDescription@5be50666
[Test worker] WARN net.thucydides.core.steps.BaseStepListener - stepFinished: current outcome:Search for automation course:Given than BUGH wants to learn automation at the Choucair Academy
| strUserName | strPassword |
| bumanag | Choucair2022* | [Bugh open up [Bugh opens the Choucair academy page], Bugh login [Bugh clicks on button that shows us the form to login, Bugh enters 'bumanag' into field for the user to enter their username, Bugh enters 'Choucair2022*' into field for the user to enter their password, Bugh clicks on button that enters the main page]], When he searches for the course Patrones de Automatización  on the Choucair Academy [Bugh search [Bugh clicks on button that moves to the courses, Bugh enters 'Patrones de Automatización ' into field to add the name of the course, Bugh clicks on button that searchs the course]]
[Test worker] WARN net.thucydides.core.steps.BaseStepListener - stepStarted: net.thucydides.core.steps.ExecutedStepDescription@5f082061
[Test worker] WARN net.thucydides.core.steps.BaseStepListener - stepFinished: current outcome:Search for automation course:Given than BUGH wants to learn automation at the Choucair Academy
| strUserName | strPassword |
| bumanag | Choucair2022* | [Bugh open up [Bugh opens the Choucair academy page], Bugh login [Bugh clicks on button that shows us the form to login, Bugh enters 'bumanag' into field for the user to enter their username, Bugh enters 'Choucair2022*' into field for the user to enter their password, Bugh clicks on button that enters the main page]], When he searches for the course Patrones de Automatización  on the Choucair Academy [Bugh search [Bugh clicks on button that moves to the courses, Bugh enters 'Patrones de Automatización ' into field to add the name of the course, Bugh clicks on button that searchs the course, Bugh clicks on selects the course]]
[Test worker] WARN net.thucydides.core.steps.BaseStepListener - stepFinished: current outcome:Search for automation course:Given than BUGH wants to learn automation at the Choucair Academy
| strUserName | strPassword |
| bumanag | Choucair2022* | [Bugh open up [Bugh opens the Choucair academy page], Bugh login [Bugh clicks on button that shows us the form to login, Bugh enters 'bumanag' into field for the user to enter their username, Bugh enters 'Choucair2022*' into field for the user to enter their password, Bugh clicks on button that enters the main page]], When he searches for the course Patrones de Automatización  on the Choucair Academy [Bugh search [Bugh clicks on button that moves to the courses, Bugh enters 'Patrones de Automatización ' into field to add the name of the course, Bugh clicks on button that searchs the course, Bugh clicks on selects the course]]
[Test worker] WARN net.thucydides.core.steps.BaseStepListener - stepFinished: current outcome:Search for automation course:Given than BUGH wants to learn automation at the Choucair Academy
| strUserName | strPassword |
| bumanag | Choucair2022* | [Bugh open up [Bugh opens the Choucair academy page], Bugh login [Bugh clicks on button that shows us the form to login, Bugh enters 'bumanag' into field for the user to enter their username, Bugh enters 'Choucair2022*' into field for the user to enter their password, Bugh clicks on button that enters the main page]], When he searches for the course Patrones de Automatización  on the Choucair Academy [Bugh search [Bugh clicks on button that moves to the courses, Bugh enters 'Patrones de Automatización ' into field to add the name of the course, Bugh clicks on button that searchs the course, Bugh clicks on selects the course]]
[Test worker] WARN net.thucydides.core.steps.BaseStepListener - stepStarted: net.thucydides.core.steps.ExecutedStepDescription@5e0ec0e1
[Test worker] WARN net.thucydides.core.steps.BaseStepListener - stepStarted: net.thucydides.core.steps.ExecutedStepDescription@54ea92af
[Test worker] WARN net.thucydides.core.steps.BaseStepListener - stepFinished: current outcome:Search for automation course:Given than BUGH wants to learn automation at the Choucair Academy
| strUserName | strPassword |
| bumanag | Choucair2022* | [Bugh open up [Bugh opens the Choucair academy page], Bugh login [Bugh clicks on button that shows us the form to login, Bugh enters 'bumanag' into field for the user to enter their username, Bugh enters 'Choucair2022*' into field for the user to enter their password, Bugh clicks on button that enters the main page]], When he searches for the course Patrones de Automatización  on the Choucair Academy [Bugh search [Bugh clicks on button that moves to the courses, Bugh enters 'Patrones de Automatización ' into field to add the name of the course, Bugh clicks on button that searchs the course, Bugh clicks on selects the course]], Then he finds the course called Patrones de Automatización [Then answer]
[Test worker] WARN net.thucydides.core.steps.BaseStepListener - stepFinished: current outcome:Search for automation course:Given than BUGH wants to learn automation at the Choucair Academy
| strUserName | strPassword |
| bumanag | Choucair2022* | [Bugh open up [Bugh opens the Choucair academy page], Bugh login [Bugh clicks on button that shows us the form to login, Bugh enters 'bumanag' into field for the user to enter their username, Bugh enters 'Choucair2022*' into field for the user to enter their password, Bugh clicks on button that enters the main page]], When he searches for the course Patrones de Automatización  on the Choucair Academy [Bugh search [Bugh clicks on button that moves to the courses, Bugh enters 'Patrones de Automatización ' into field to add the name of the course, Bugh clicks on button that searchs the course, Bugh clicks on selects the course]], Then he finds the course called Patrones de Automatización [Then answer]
[Test worker] WARN net.thucydides.core.steps.BaseStepListener - testFinished: Search for automation course:Given than BUGH wants to learn automation at the Choucair Academy
| strUserName | strPassword |
| bumanag | Choucair2022* | [Bugh open up [Bugh opens the Choucair academy page], Bugh login [Bugh clicks on button that shows us the form to login, Bugh enters 'bumanag' into field for the user to enter their username, Bugh enters 'Choucair2022*' into field for the user to enter their password, Bugh clicks on button that enters the main page]], When he searches for the course Patrones de Automatización  on the Choucair Academy [Bugh search [Bugh clicks on button that moves to the courses, Bugh enters 'Patrones de Automatización ' into field to add the name of the course, Bugh clicks on button that searchs the course, Bugh clicks on selects the course]], Then he finds the course called Patrones de Automatización [Then answer]
[Test worker] WARN net.thucydides.core.steps.BaseStepListener - TestOutcomes: [Search for automation course:Given than BUGH wants to learn automation at the Choucair Academy
| strUserName | strPassword |
| bumanag | Choucair2022* | [Bugh open up [Bugh opens the Choucair academy page], Bugh login [Bugh clicks on button that shows us the form to login, Bugh enters 'bumanag' into field for the user to enter their username, Bugh enters 'Choucair2022*' into field for the user to enter their password, Bugh clicks on button that enters the main page]], When he searches for the course Patrones de Automatización  on the Choucair Academy [Bugh search [Bugh clicks on button that moves to the courses, Bugh enters 'Patrones de Automatización ' into field to add the name of the course, Bugh clicks on button that searchs the course, Bugh clicks on selects the course]], Then he finds the course called Patrones de Automatización [Then answer]]
[Test worker] WARN net.thucydides.core.steps.BaseStepListener - Final testOutcomes: [Search for automation course:Given than BUGH wants to learn automation at the Choucair Academy
| strUserName | strPassword |
| bumanag | Choucair2022* | [Bugh open up [Bugh opens the Choucair academy page], Bugh login [Bugh clicks on button that shows us the form to login, Bugh enters 'bumanag' into field for the user to enter their username, Bugh enters 'Choucair2022*' into field for the user to enter their password, Bugh clicks on button that enters the main page]], When he searches for the course Patrones de Automatización  on the Choucair Academy [Bugh search [Bugh clicks on button that moves to the courses, Bugh enters 'Patrones de Automatización ' into field to add the name of the course, Bugh clicks on button that searchs the course, Bugh clicks on selects the course]], Then he finds the course called Patrones de Automatización [Then answer]]
[Test worker] INFO net.thucydides.core.steps.ConsoleLoggingListener - 
        __    _____ _____ ____ _____   ____   _    ____  ____  _____ ____  
  _     \ \  |_   _| ____/ ___|_   _| |  _ \ / \  / ___|/ ___|| ____|  _ \ 
 (_)_____| |   | | |  _| \___ \ | |   | |_) / _ \ \___ \\___ \|  _| | | | |
  _|_____| |   | | | |___ ___) || |   |  __/ ___ \ ___) |___) | |___| |_| |
 (_)     | |   |_| |_____|____/ |_|   |_| /_/   \_\____/|____/|_____|____/ 
        /_/                                                                

TEST PASSED: Search for automation course
----------------------------------------------------------------------------
]]></system-err>
</testsuite>
