<?xml version="1.0" encoding="UTF-8"?>
<testsuite name="Choucair Academy" tests="1" skipped="0" failures="0" errors="0" timestamp="2022-01-31T17:07:09" hostname="DESKTOP-OSH9F67" time="26.082">
  <properties/>
  <testcase name="Search for automation course" classname="Choucair Academy" time="26.082"/>
  <system-out><![CDATA[]]></system-out>
  <system-err><![CDATA[[Test worker] WARN net.thucydides.core.steps.BaseStepListener - stepStarted: net.thucydides.core.steps.ExecutedStepDescription@33311548
[Test worker] WARN net.thucydides.core.steps.BaseStepListener - stepStarted: net.thucydides.core.steps.ExecutedStepDescription@3cf61eb4
[Test worker] WARN net.thucydides.core.steps.BaseStepListener - stepStarted: net.thucydides.core.steps.ExecutedStepDescription@21e2a99
ene 31, 2022 12:07:11 PM org.openqa.selenium.remote.DesiredCapabilities chrome
INFORMACIÓN: Using `new ChromeOptions()` is preferred to `DesiredCapabilities.chrome()`
[Test worker] INFO net.serenitybdd.core.webdriver.driverproviders.ProvideNewDriver - Instantiating driver
[Test worker] INFO net.serenitybdd.core.webdriver.driverproviders.ProvideNewDriver - Driver capabilities: Capabilities {acceptInsecureCerts: false, browserName: chrome, chrome.switches: --start-maximized, goog:chromeOptions: {args: [--start-maximized], extensions: []}, loggingPrefs: org.openqa.selenium.logging..., platform: ANY, version: }
Starting ChromeDriver 96.0.4664.45 (76e4c1bb2ab4671b8beba3444e61c0f17584b2fc-refs/branch-heads/4664@{#947}) on port 3089
Only local connections are allowed.
Please see https://chromedriver.chromium.org/security-considerations for suggestions on keeping ChromeDriver safe.
ChromeDriver was started successfully.
[1643648834.893][WARNING]: This version of ChromeDriver has not been tested with Chrome version 97.
ene 31, 2022 12:07:14 PM org.openqa.selenium.remote.ProtocolHandshake createSession
INFORMACIÓN: Detected dialect: W3C
[Test worker] WARN net.thucydides.core.steps.BaseStepListener - stepFinished: current outcome:Search for automation course:Given than BUGH wants to learn automation at the Choucair Academy [Bugh open up [Bugh opens the Choucair academy page]]
[Test worker] WARN net.thucydides.core.steps.BaseStepListener - stepFinished: current outcome:Search for automation course:Given than BUGH wants to learn automation at the Choucair Academy [Bugh open up [Bugh opens the Choucair academy page]]
[Test worker] WARN net.thucydides.core.steps.BaseStepListener - stepStarted: net.thucydides.core.steps.ExecutedStepDescription@5692184d
[Test worker] WARN net.thucydides.core.steps.BaseStepListener - stepStarted: net.thucydides.core.steps.ExecutedStepDescription@4f55b598
[Test worker] WARN net.thucydides.core.steps.BaseStepListener - stepFinished: current outcome:Search for automation course:Given than BUGH wants to learn automation at the Choucair Academy [Bugh open up [Bugh opens the Choucair academy page], Bugh login [Bugh clicks on button that shows us the form to login]]
[Test worker] WARN net.thucydides.core.steps.BaseStepListener - stepStarted: net.thucydides.core.steps.ExecutedStepDescription@63ca9b19
[Test worker] WARN net.thucydides.core.steps.BaseStepListener - stepFinished: current outcome:Search for automation course:Given than BUGH wants to learn automation at the Choucair Academy [Bugh open up [Bugh opens the Choucair academy page], Bugh login [Bugh clicks on button that shows us the form to login, Bugh enters 'bumanag' into field for the user to enter their username]]
[Test worker] WARN net.thucydides.core.steps.BaseStepListener - stepStarted: net.thucydides.core.steps.ExecutedStepDescription@5b88bd5f
[Test worker] WARN net.thucydides.core.steps.BaseStepListener - stepFinished: current outcome:Search for automation course:Given than BUGH wants to learn automation at the Choucair Academy [Bugh open up [Bugh opens the Choucair academy page], Bugh login [Bugh clicks on button that shows us the form to login, Bugh enters 'bumanag' into field for the user to enter their username, Bugh enters 'Choucair2022*' into field for the user to enter their password]]
[Test worker] WARN net.thucydides.core.steps.BaseStepListener - stepStarted: net.thucydides.core.steps.ExecutedStepDescription@1f63cdb5
[Test worker] WARN net.thucydides.core.steps.BaseStepListener - stepFinished: current outcome:Search for automation course:Given than BUGH wants to learn automation at the Choucair Academy [Bugh open up [Bugh opens the Choucair academy page], Bugh login [Bugh clicks on button that shows us the form to login, Bugh enters 'bumanag' into field for the user to enter their username, Bugh enters 'Choucair2022*' into field for the user to enter their password, Bugh clicks on button that enters the main page]]
[Test worker] WARN net.thucydides.core.steps.BaseStepListener - stepFinished: current outcome:Search for automation course:Given than BUGH wants to learn automation at the Choucair Academy [Bugh open up [Bugh opens the Choucair academy page], Bugh login [Bugh clicks on button that shows us the form to login, Bugh enters 'bumanag' into field for the user to enter their username, Bugh enters 'Choucair2022*' into field for the user to enter their password, Bugh clicks on button that enters the main page]]
[Test worker] WARN net.thucydides.core.steps.BaseStepListener - stepFinished: current outcome:Search for automation course:Given than BUGH wants to learn automation at the Choucair Academy [Bugh open up [Bugh opens the Choucair academy page], Bugh login [Bugh clicks on button that shows us the form to login, Bugh enters 'bumanag' into field for the user to enter their username, Bugh enters 'Choucair2022*' into field for the user to enter their password, Bugh clicks on button that enters the main page]]
[Test worker] WARN net.thucydides.core.steps.BaseStepListener - stepStarted: net.thucydides.core.steps.ExecutedStepDescription@7a0b09b7
[Test worker] WARN net.thucydides.core.steps.BaseStepListener - stepStarted: net.thucydides.core.steps.ExecutedStepDescription@5e001123
[Test worker] WARN net.thucydides.core.steps.BaseStepListener - stepStarted: net.thucydides.core.steps.ExecutedStepDescription@30b77815
[Test worker] WARN net.thucydides.core.steps.BaseStepListener - stepFinished: current outcome:Search for automation course:Given than BUGH wants to learn automation at the Choucair Academy [Bugh open up [Bugh opens the Choucair academy page], Bugh login [Bugh clicks on button that shows us the form to login, Bugh enters 'bumanag' into field for the user to enter their username, Bugh enters 'Choucair2022*' into field for the user to enter their password, Bugh clicks on button that enters the main page]], When he searches for the course Patrones de Automatización  on the Choucair Academy [Bugh search [Bugh clicks on button that moves to the courses]]
[Test worker] WARN net.thucydides.core.steps.BaseStepListener - stepStarted: net.thucydides.core.steps.ExecutedStepDescription@4504a2fc
[Test worker] WARN net.thucydides.core.steps.BaseStepListener - stepFinished: current outcome:Search for automation course:Given than BUGH wants to learn automation at the Choucair Academy [Bugh open up [Bugh opens the Choucair academy page], Bugh login [Bugh clicks on button that shows us the form to login, Bugh enters 'bumanag' into field for the user to enter their username, Bugh enters 'Choucair2022*' into field for the user to enter their password, Bugh clicks on button that enters the main page]], When he searches for the course Patrones de Automatización  on the Choucair Academy [Bugh search [Bugh clicks on button that moves to the courses, Bugh enters 'Patrones de Automatización ' into field to add the name of the course]]
[Test worker] WARN net.thucydides.core.steps.BaseStepListener - stepStarted: net.thucydides.core.steps.ExecutedStepDescription@d3ae556
[Test worker] WARN net.thucydides.core.steps.BaseStepListener - stepFinished: current outcome:Search for automation course:Given than BUGH wants to learn automation at the Choucair Academy [Bugh open up [Bugh opens the Choucair academy page], Bugh login [Bugh clicks on button that shows us the form to login, Bugh enters 'bumanag' into field for the user to enter their username, Bugh enters 'Choucair2022*' into field for the user to enter their password, Bugh clicks on button that enters the main page]], When he searches for the course Patrones de Automatización  on the Choucair Academy [Bugh search [Bugh clicks on button that moves to the courses, Bugh enters 'Patrones de Automatización ' into field to add the name of the course, Bugh clicks on button that searchs the course]]
[Test worker] WARN net.thucydides.core.steps.BaseStepListener - stepStarted: net.thucydides.core.steps.ExecutedStepDescription@5f0e4fe5
[Test worker] WARN net.thucydides.core.steps.BaseStepListener - stepFinished: current outcome:Search for automation course:Given than BUGH wants to learn automation at the Choucair Academy [Bugh open up [Bugh opens the Choucair academy page], Bugh login [Bugh clicks on button that shows us the form to login, Bugh enters 'bumanag' into field for the user to enter their username, Bugh enters 'Choucair2022*' into field for the user to enter their password, Bugh clicks on button that enters the main page]], When he searches for the course Patrones de Automatización  on the Choucair Academy [Bugh search [Bugh clicks on button that moves to the courses, Bugh enters 'Patrones de Automatización ' into field to add the name of the course, Bugh clicks on button that searchs the course, Bugh clicks on selects the course]]
[Test worker] WARN net.thucydides.core.steps.BaseStepListener - stepFinished: current outcome:Search for automation course:Given than BUGH wants to learn automation at the Choucair Academy [Bugh open up [Bugh opens the Choucair academy page], Bugh login [Bugh clicks on button that shows us the form to login, Bugh enters 'bumanag' into field for the user to enter their username, Bugh enters 'Choucair2022*' into field for the user to enter their password, Bugh clicks on button that enters the main page]], When he searches for the course Patrones de Automatización  on the Choucair Academy [Bugh search [Bugh clicks on button that moves to the courses, Bugh enters 'Patrones de Automatización ' into field to add the name of the course, Bugh clicks on button that searchs the course, Bugh clicks on selects the course]]
[Test worker] WARN net.thucydides.core.steps.BaseStepListener - stepFinished: current outcome:Search for automation course:Given than BUGH wants to learn automation at the Choucair Academy [Bugh open up [Bugh opens the Choucair academy page], Bugh login [Bugh clicks on button that shows us the form to login, Bugh enters 'bumanag' into field for the user to enter their username, Bugh enters 'Choucair2022*' into field for the user to enter their password, Bugh clicks on button that enters the main page]], When he searches for the course Patrones de Automatización  on the Choucair Academy [Bugh search [Bugh clicks on button that moves to the courses, Bugh enters 'Patrones de Automatización ' into field to add the name of the course, Bugh clicks on button that searchs the course, Bugh clicks on selects the course]]
[Test worker] WARN net.thucydides.core.steps.BaseStepListener - stepStarted: net.thucydides.core.steps.ExecutedStepDescription@35bac92
[Test worker] WARN net.thucydides.core.steps.BaseStepListener - stepStarted: net.thucydides.core.steps.ExecutedStepDescription@331a00c3
[Test worker] WARN net.thucydides.core.steps.BaseStepListener - stepFinished: current outcome:Search for automation course:Given than BUGH wants to learn automation at the Choucair Academy [Bugh open up [Bugh opens the Choucair academy page], Bugh login [Bugh clicks on button that shows us the form to login, Bugh enters 'bumanag' into field for the user to enter their username, Bugh enters 'Choucair2022*' into field for the user to enter their password, Bugh clicks on button that enters the main page]], When he searches for the course Patrones de Automatización  on the Choucair Academy [Bugh search [Bugh clicks on button that moves to the courses, Bugh enters 'Patrones de Automatización ' into field to add the name of the course, Bugh clicks on button that searchs the course, Bugh clicks on selects the course]], Then he finds the course called Patrones de Automatización [Then answer]
[Test worker] WARN net.thucydides.core.steps.BaseStepListener - stepFinished: current outcome:Search for automation course:Given than BUGH wants to learn automation at the Choucair Academy [Bugh open up [Bugh opens the Choucair academy page], Bugh login [Bugh clicks on button that shows us the form to login, Bugh enters 'bumanag' into field for the user to enter their username, Bugh enters 'Choucair2022*' into field for the user to enter their password, Bugh clicks on button that enters the main page]], When he searches for the course Patrones de Automatización  on the Choucair Academy [Bugh search [Bugh clicks on button that moves to the courses, Bugh enters 'Patrones de Automatización ' into field to add the name of the course, Bugh clicks on button that searchs the course, Bugh clicks on selects the course]], Then he finds the course called Patrones de Automatización [Then answer]
[Test worker] WARN net.thucydides.core.steps.BaseStepListener - testFinished: Search for automation course:Given than BUGH wants to learn automation at the Choucair Academy [Bugh open up [Bugh opens the Choucair academy page], Bugh login [Bugh clicks on button that shows us the form to login, Bugh enters 'bumanag' into field for the user to enter their username, Bugh enters 'Choucair2022*' into field for the user to enter their password, Bugh clicks on button that enters the main page]], When he searches for the course Patrones de Automatización  on the Choucair Academy [Bugh search [Bugh clicks on button that moves to the courses, Bugh enters 'Patrones de Automatización ' into field to add the name of the course, Bugh clicks on button that searchs the course, Bugh clicks on selects the course]], Then he finds the course called Patrones de Automatización [Then answer]
[Test worker] WARN net.thucydides.core.steps.BaseStepListener - TestOutcomes: [Search for automation course:Given than BUGH wants to learn automation at the Choucair Academy [Bugh open up [Bugh opens the Choucair academy page], Bugh login [Bugh clicks on button that shows us the form to login, Bugh enters 'bumanag' into field for the user to enter their username, Bugh enters 'Choucair2022*' into field for the user to enter their password, Bugh clicks on button that enters the main page]], When he searches for the course Patrones de Automatización  on the Choucair Academy [Bugh search [Bugh clicks on button that moves to the courses, Bugh enters 'Patrones de Automatización ' into field to add the name of the course, Bugh clicks on button that searchs the course, Bugh clicks on selects the course]], Then he finds the course called Patrones de Automatización [Then answer]]
[Test worker] WARN net.thucydides.core.steps.BaseStepListener - Final testOutcomes: [Search for automation course:Given than BUGH wants to learn automation at the Choucair Academy [Bugh open up [Bugh opens the Choucair academy page], Bugh login [Bugh clicks on button that shows us the form to login, Bugh enters 'bumanag' into field for the user to enter their username, Bugh enters 'Choucair2022*' into field for the user to enter their password, Bugh clicks on button that enters the main page]], When he searches for the course Patrones de Automatización  on the Choucair Academy [Bugh search [Bugh clicks on button that moves to the courses, Bugh enters 'Patrones de Automatización ' into field to add the name of the course, Bugh clicks on button that searchs the course, Bugh clicks on selects the course]], Then he finds the course called Patrones de Automatización [Then answer]]
[Test worker] INFO net.thucydides.core.steps.ConsoleLoggingListener - 
        __    _____ _____ ____ _____   ____   _    ____  ____  _____ ____  
  _     \ \  |_   _| ____/ ___|_   _| |  _ \ / \  / ___|/ ___|| ____|  _ \ 
 (_)_____| |   | | |  _| \___ \ | |   | |_) / _ \ \___ \\___ \|  _| | | | |
  _|_____| |   | | | |___ ___) || |   |  __/ ___ \ ___) |___) | |___| |_| |
 (_)     | |   |_| |_____|____/ |_|   |_| /_/   \_\____/|____/|_____|____/ 
        /_/                                                                

TEST PASSED: Search for automation course
----------------------------------------------------------------------------
]]></system-err>
</testsuite>
