<?xml version="1.0" encoding="UTF-8"?>
<testsuite name="Choucair Academy" tests="1" skipped="0" failures="0" errors="0" timestamp="2022-01-31T19:01:34" hostname="DESKTOP-OSH9F67" time="25.339">
  <properties/>
  <testcase name="Search for automation course" classname="Choucair Academy" time="25.339"/>
  <system-out><![CDATA[]]></system-out>
  <system-err><![CDATA[[Test worker] WARN net.thucydides.core.steps.BaseStepListener - stepStarted: net.thucydides.core.steps.ExecutedStepDescription@693b9054
[Test worker] WARN net.thucydides.core.steps.BaseStepListener - stepStarted: net.thucydides.core.steps.ExecutedStepDescription@13ead71f
[Test worker] WARN net.thucydides.core.steps.BaseStepListener - stepStarted: net.thucydides.core.steps.ExecutedStepDescription@389d82db
ene 31, 2022 2:01:35 PM org.openqa.selenium.remote.DesiredCapabilities chrome
INFORMACIÓN: Using `new ChromeOptions()` is preferred to `DesiredCapabilities.chrome()`
[Test worker] INFO net.serenitybdd.core.webdriver.driverproviders.ProvideNewDriver - Instantiating driver
[Test worker] INFO net.serenitybdd.core.webdriver.driverproviders.ProvideNewDriver - Driver capabilities: Capabilities {acceptInsecureCerts: false, browserName: chrome, chrome.switches: --start-maximized, goog:chromeOptions: {args: [--start-maximized], extensions: []}, loggingPrefs: org.openqa.selenium.logging..., platform: ANY, version: }
Starting ChromeDriver 96.0.4664.45 (76e4c1bb2ab4671b8beba3444e61c0f17584b2fc-refs/branch-heads/4664@{#947}) on port 43381
Only local connections are allowed.
Please see https://chromedriver.chromium.org/security-considerations for suggestions on keeping ChromeDriver safe.
ChromeDriver was started successfully.
[1643655699.833][WARNING]: This version of ChromeDriver has not been tested with Chrome version 97.
ene 31, 2022 2:01:39 PM org.openqa.selenium.remote.ProtocolHandshake createSession
INFORMACIÓN: Detected dialect: W3C
[Test worker] WARN net.thucydides.core.steps.BaseStepListener - stepFinished: current outcome:Search for automation course:Given than BUGH wants to learn automation at the Choucair Academy
| strUserName | strPassword |
| bumanag | Choucair2022* | [Bugh open up [Bugh opens the Choucair academy page]]
[Test worker] WARN net.thucydides.core.steps.BaseStepListener - stepFinished: current outcome:Search for automation course:Given than BUGH wants to learn automation at the Choucair Academy
| strUserName | strPassword |
| bumanag | Choucair2022* | [Bugh open up [Bugh opens the Choucair academy page]]
[Test worker] WARN net.thucydides.core.steps.BaseStepListener - stepStarted: net.thucydides.core.steps.ExecutedStepDescription@2a23d6f4
[Test worker] WARN net.thucydides.core.steps.BaseStepListener - stepStarted: net.thucydides.core.steps.ExecutedStepDescription@591cf22f
[Test worker] WARN net.thucydides.core.steps.BaseStepListener - stepFinished: current outcome:Search for automation course:Given than BUGH wants to learn automation at the Choucair Academy
| strUserName | strPassword |
| bumanag | Choucair2022* | [Bugh open up [Bugh opens the Choucair academy page], Bugh login [Bugh clicks on button that shows us the form to login]]
[Test worker] WARN net.thucydides.core.steps.BaseStepListener - stepStarted: net.thucydides.core.steps.ExecutedStepDescription@274e2305
[Test worker] WARN net.thucydides.core.steps.BaseStepListener - stepFinished: current outcome:Search for automation course:Given than BUGH wants to learn automation at the Choucair Academy
| strUserName | strPassword |
| bumanag | Choucair2022* | [Bugh open up [Bugh opens the Choucair academy page], Bugh login [Bugh clicks on button that shows us the form to login, Bugh enters 'bumanag' into field for the user to enter their username]]
[Test worker] WARN net.thucydides.core.steps.BaseStepListener - stepStarted: net.thucydides.core.steps.ExecutedStepDescription@65d7ddae
[Test worker] WARN net.thucydides.core.steps.BaseStepListener - stepFinished: current outcome:Search for automation course:Given than BUGH wants to learn automation at the Choucair Academy
| strUserName | strPassword |
| bumanag | Choucair2022* | [Bugh open up [Bugh opens the Choucair academy page], Bugh login [Bugh clicks on button that shows us the form to login, Bugh enters 'bumanag' into field for the user to enter their username, Bugh enters 'Choucair2022*' into field for the user to enter their password]]
[Test worker] WARN net.thucydides.core.steps.BaseStepListener - stepStarted: net.thucydides.core.steps.ExecutedStepDescription@76656aa5
[Test worker] WARN net.thucydides.core.steps.BaseStepListener - stepFinished: current outcome:Search for automation course:Given than BUGH wants to learn automation at the Choucair Academy
| strUserName | strPassword |
| bumanag | Choucair2022* | [Bugh open up [Bugh opens the Choucair academy page], Bugh login [Bugh clicks on button that shows us the form to login, Bugh enters 'bumanag' into field for the user to enter their username, Bugh enters 'Choucair2022*' into field for the user to enter their password, Bugh clicks on button that enters the main page]]
[Test worker] WARN net.thucydides.core.steps.BaseStepListener - stepFinished: current outcome:Search for automation course:Given than BUGH wants to learn automation at the Choucair Academy
| strUserName | strPassword |
| bumanag | Choucair2022* | [Bugh open up [Bugh opens the Choucair academy page], Bugh login [Bugh clicks on button that shows us the form to login, Bugh enters 'bumanag' into field for the user to enter their username, Bugh enters 'Choucair2022*' into field for the user to enter their password, Bugh clicks on button that enters the main page]]
[Test worker] WARN net.thucydides.core.steps.BaseStepListener - stepFinished: current outcome:Search for automation course:Given than BUGH wants to learn automation at the Choucair Academy
| strUserName | strPassword |
| bumanag | Choucair2022* | [Bugh open up [Bugh opens the Choucair academy page], Bugh login [Bugh clicks on button that shows us the form to login, Bugh enters 'bumanag' into field for the user to enter their username, Bugh enters 'Choucair2022*' into field for the user to enter their password, Bugh clicks on button that enters the main page]]
[Test worker] WARN net.thucydides.core.steps.BaseStepListener - stepStarted: net.thucydides.core.steps.ExecutedStepDescription@6cddbd92
[Test worker] WARN net.thucydides.core.steps.BaseStepListener - stepStarted: net.thucydides.core.steps.ExecutedStepDescription@25ce2fa
[Test worker] WARN net.thucydides.core.steps.BaseStepListener - stepStarted: net.thucydides.core.steps.ExecutedStepDescription@2044a1fe
[Test worker] WARN net.thucydides.core.steps.BaseStepListener - stepFinished: current outcome:Search for automation course:Given than BUGH wants to learn automation at the Choucair Academy
| strUserName | strPassword |
| bumanag | Choucair2022* | [Bugh open up [Bugh opens the Choucair academy page], Bugh login [Bugh clicks on button that shows us the form to login, Bugh enters 'bumanag' into field for the user to enter their username, Bugh enters 'Choucair2022*' into field for the user to enter their password, Bugh clicks on button that enters the main page]], When he searches for the course Patrones de Automatización  on the Choucair Academy [Bugh search [Bugh clicks on button that moves to the courses]]
[Test worker] WARN net.thucydides.core.steps.BaseStepListener - stepStarted: net.thucydides.core.steps.ExecutedStepDescription@700127cd
[Test worker] WARN net.thucydides.core.steps.BaseStepListener - stepFinished: current outcome:Search for automation course:Given than BUGH wants to learn automation at the Choucair Academy
| strUserName | strPassword |
| bumanag | Choucair2022* | [Bugh open up [Bugh opens the Choucair academy page], Bugh login [Bugh clicks on button that shows us the form to login, Bugh enters 'bumanag' into field for the user to enter their username, Bugh enters 'Choucair2022*' into field for the user to enter their password, Bugh clicks on button that enters the main page]], When he searches for the course Patrones de Automatización  on the Choucair Academy [Bugh search [Bugh clicks on button that moves to the courses, Bugh enters 'Patrones de Automatización ' into field to add the name of the course]]
[Test worker] WARN net.thucydides.core.steps.BaseStepListener - stepStarted: net.thucydides.core.steps.ExecutedStepDescription@24c46495
[Test worker] WARN net.thucydides.core.steps.BaseStepListener - stepFinished: current outcome:Search for automation course:Given than BUGH wants to learn automation at the Choucair Academy
| strUserName | strPassword |
| bumanag | Choucair2022* | [Bugh open up [Bugh opens the Choucair academy page], Bugh login [Bugh clicks on button that shows us the form to login, Bugh enters 'bumanag' into field for the user to enter their username, Bugh enters 'Choucair2022*' into field for the user to enter their password, Bugh clicks on button that enters the main page]], When he searches for the course Patrones de Automatización  on the Choucair Academy [Bugh search [Bugh clicks on button that moves to the courses, Bugh enters 'Patrones de Automatización ' into field to add the name of the course, Bugh clicks on button that searchs the course]]
[Test worker] WARN net.thucydides.core.steps.BaseStepListener - stepStarted: net.thucydides.core.steps.ExecutedStepDescription@1991a7e2
[Test worker] WARN net.thucydides.core.steps.BaseStepListener - stepFinished: current outcome:Search for automation course:Given than BUGH wants to learn automation at the Choucair Academy
| strUserName | strPassword |
| bumanag | Choucair2022* | [Bugh open up [Bugh opens the Choucair academy page], Bugh login [Bugh clicks on button that shows us the form to login, Bugh enters 'bumanag' into field for the user to enter their username, Bugh enters 'Choucair2022*' into field for the user to enter their password, Bugh clicks on button that enters the main page]], When he searches for the course Patrones de Automatización  on the Choucair Academy [Bugh search [Bugh clicks on button that moves to the courses, Bugh enters 'Patrones de Automatización ' into field to add the name of the course, Bugh clicks on button that searchs the course, Bugh clicks on selects the course]]
[Test worker] WARN net.thucydides.core.steps.BaseStepListener - stepFinished: current outcome:Search for automation course:Given than BUGH wants to learn automation at the Choucair Academy
| strUserName | strPassword |
| bumanag | Choucair2022* | [Bugh open up [Bugh opens the Choucair academy page], Bugh login [Bugh clicks on button that shows us the form to login, Bugh enters 'bumanag' into field for the user to enter their username, Bugh enters 'Choucair2022*' into field for the user to enter their password, Bugh clicks on button that enters the main page]], When he searches for the course Patrones de Automatización  on the Choucair Academy [Bugh search [Bugh clicks on button that moves to the courses, Bugh enters 'Patrones de Automatización ' into field to add the name of the course, Bugh clicks on button that searchs the course, Bugh clicks on selects the course]]
[Test worker] WARN net.thucydides.core.steps.BaseStepListener - stepFinished: current outcome:Search for automation course:Given than BUGH wants to learn automation at the Choucair Academy
| strUserName | strPassword |
| bumanag | Choucair2022* | [Bugh open up [Bugh opens the Choucair academy page], Bugh login [Bugh clicks on button that shows us the form to login, Bugh enters 'bumanag' into field for the user to enter their username, Bugh enters 'Choucair2022*' into field for the user to enter their password, Bugh clicks on button that enters the main page]], When he searches for the course Patrones de Automatización  on the Choucair Academy [Bugh search [Bugh clicks on button that moves to the courses, Bugh enters 'Patrones de Automatización ' into field to add the name of the course, Bugh clicks on button that searchs the course, Bugh clicks on selects the course]]
[Test worker] WARN net.thucydides.core.steps.BaseStepListener - stepStarted: net.thucydides.core.steps.ExecutedStepDescription@4bfe5d97
[Test worker] WARN net.thucydides.core.steps.BaseStepListener - stepStarted: net.thucydides.core.steps.ExecutedStepDescription@296ddd8
[Test worker] WARN net.thucydides.core.steps.BaseStepListener - stepFinished: current outcome:Search for automation course:Given than BUGH wants to learn automation at the Choucair Academy
| strUserName | strPassword |
| bumanag | Choucair2022* | [Bugh open up [Bugh opens the Choucair academy page], Bugh login [Bugh clicks on button that shows us the form to login, Bugh enters 'bumanag' into field for the user to enter their username, Bugh enters 'Choucair2022*' into field for the user to enter their password, Bugh clicks on button that enters the main page]], When he searches for the course Patrones de Automatización  on the Choucair Academy [Bugh search [Bugh clicks on button that moves to the courses, Bugh enters 'Patrones de Automatización ' into field to add the name of the course, Bugh clicks on button that searchs the course, Bugh clicks on selects the course]], Then he finds the course called Patrones de Automatización [Then answer]
[Test worker] WARN net.thucydides.core.steps.BaseStepListener - stepFinished: current outcome:Search for automation course:Given than BUGH wants to learn automation at the Choucair Academy
| strUserName | strPassword |
| bumanag | Choucair2022* | [Bugh open up [Bugh opens the Choucair academy page], Bugh login [Bugh clicks on button that shows us the form to login, Bugh enters 'bumanag' into field for the user to enter their username, Bugh enters 'Choucair2022*' into field for the user to enter their password, Bugh clicks on button that enters the main page]], When he searches for the course Patrones de Automatización  on the Choucair Academy [Bugh search [Bugh clicks on button that moves to the courses, Bugh enters 'Patrones de Automatización ' into field to add the name of the course, Bugh clicks on button that searchs the course, Bugh clicks on selects the course]], Then he finds the course called Patrones de Automatización [Then answer]
[Test worker] WARN net.thucydides.core.steps.BaseStepListener - testFinished: Search for automation course:Given than BUGH wants to learn automation at the Choucair Academy
| strUserName | strPassword |
| bumanag | Choucair2022* | [Bugh open up [Bugh opens the Choucair academy page], Bugh login [Bugh clicks on button that shows us the form to login, Bugh enters 'bumanag' into field for the user to enter their username, Bugh enters 'Choucair2022*' into field for the user to enter their password, Bugh clicks on button that enters the main page]], When he searches for the course Patrones de Automatización  on the Choucair Academy [Bugh search [Bugh clicks on button that moves to the courses, Bugh enters 'Patrones de Automatización ' into field to add the name of the course, Bugh clicks on button that searchs the course, Bugh clicks on selects the course]], Then he finds the course called Patrones de Automatización [Then answer]
[Test worker] WARN net.thucydides.core.steps.BaseStepListener - TestOutcomes: [Search for automation course:Given than BUGH wants to learn automation at the Choucair Academy
| strUserName | strPassword |
| bumanag | Choucair2022* | [Bugh open up [Bugh opens the Choucair academy page], Bugh login [Bugh clicks on button that shows us the form to login, Bugh enters 'bumanag' into field for the user to enter their username, Bugh enters 'Choucair2022*' into field for the user to enter their password, Bugh clicks on button that enters the main page]], When he searches for the course Patrones de Automatización  on the Choucair Academy [Bugh search [Bugh clicks on button that moves to the courses, Bugh enters 'Patrones de Automatización ' into field to add the name of the course, Bugh clicks on button that searchs the course, Bugh clicks on selects the course]], Then he finds the course called Patrones de Automatización [Then answer]]
[Test worker] WARN net.thucydides.core.steps.BaseStepListener - Final testOutcomes: [Search for automation course:Given than BUGH wants to learn automation at the Choucair Academy
| strUserName | strPassword |
| bumanag | Choucair2022* | [Bugh open up [Bugh opens the Choucair academy page], Bugh login [Bugh clicks on button that shows us the form to login, Bugh enters 'bumanag' into field for the user to enter their username, Bugh enters 'Choucair2022*' into field for the user to enter their password, Bugh clicks on button that enters the main page]], When he searches for the course Patrones de Automatización  on the Choucair Academy [Bugh search [Bugh clicks on button that moves to the courses, Bugh enters 'Patrones de Automatización ' into field to add the name of the course, Bugh clicks on button that searchs the course, Bugh clicks on selects the course]], Then he finds the course called Patrones de Automatización [Then answer]]
[Test worker] INFO net.thucydides.core.steps.ConsoleLoggingListener - 
        __    _____ _____ ____ _____   ____   _    ____  ____  _____ ____  
  _     \ \  |_   _| ____/ ___|_   _| |  _ \ / \  / ___|/ ___|| ____|  _ \ 
 (_)_____| |   | | |  _| \___ \ | |   | |_) / _ \ \___ \\___ \|  _| | | | |
  _|_____| |   | | | |___ ___) || |   |  __/ ___ \ ___) |___) | |___| |_| |
 (_)     | |   |_| |_____|____/ |_|   |_| /_/   \_\____/|____/|_____|____/ 
        /_/                                                                

TEST PASSED: Search for automation course
----------------------------------------------------------------------------
]]></system-err>
</testsuite>
